\BOOKMARK [1][-]{section.1}{Assignment 1}{}% 1
\BOOKMARK [2][-]{subsection.1.1}{Baseline}{section.1}% 2
\BOOKMARK [2][-]{subsection.1.2}{Ransac with baseline}{section.1}% 3
\BOOKMARK [3][-]{subsubsection.1.2.1}{Problems with Ransac}{subsection.1.2}% 4
\BOOKMARK [3][-]{subsubsection.1.2.2}{Error as function of falsely added correspondences}{subsection.1.2}% 5
\BOOKMARK [3][-]{subsubsection.1.2.3}{Scanline agreement using Ransac}{subsection.1.2}% 6
\BOOKMARK [2][-]{subsection.1.3}{Improved correspondences}{section.1}% 7
\BOOKMARK [3][-]{subsubsection.1.3.1}{Problems with Harris corner detection}{subsection.1.3}% 8
\BOOKMARK [3][-]{subsubsection.1.3.2}{Scanline agreement error}{subsection.1.3}% 9
\BOOKMARK [3][-]{subsubsection.1.3.3}{Error as function of falsely added correspondences }{subsection.1.3}% 10
\BOOKMARK [2][-]{subsection.1.4}{Conclusion}{section.1}% 11
\BOOKMARK [1][-]{section.2}{Assignment 2}{}% 12
\BOOKMARK [2][-]{subsection.2.1}{Self similarity}{section.2}% 13
\BOOKMARK [2][-]{subsection.2.2}{Multi modal similarity}{section.2}% 14
\BOOKMARK [2][-]{subsection.2.3}{Object similarity}{section.2}% 15
\BOOKMARK [2][-]{subsection.2.4}{Registration}{section.2}% 16
\BOOKMARK [2][-]{subsection.2.5}{Conclusion}{section.2}% 17
\BOOKMARK [1][-]{section.3}{Assignment 3}{}% 18
\BOOKMARK [2][-]{subsection.3.1}{Design of experiments}{section.3}% 19
\BOOKMARK [2][-]{subsection.3.2}{Error measures}{section.3}% 20
\BOOKMARK [2][-]{subsection.3.3}{Results}{section.3}% 21
\BOOKMARK [2][-]{subsection.3.4}{Discussion of results}{section.3}% 22
\BOOKMARK [2][-]{subsection.3.5}{Conclusion}{section.3}% 23
\BOOKMARK [1][-]{section.4}{References}{}% 24
\BOOKMARK [1][-]{section.5}{Collaboration}{}% 25
